# JRE version: OpenJDK Runtime Environment (21.0.9) (build 21.0.9+-14787801-b1163.94)
# Java VM: OpenJDK 64-Bit Server VM (21.0.9+-14787801-b1163.94, mixed mode, tiered, compressed oops, compressed class ptrs, g1 gc, windows-amd64)
GC Precious Log:
 CardTable entry size: 512
 Card Set container configuration: InlinePtr #cards 5 size 8 Array Of Cards #cards 12 size 40 Howl #buckets 4 coarsen threshold 1843 Howl Bitmap #cards 512 size 80 coarsen threshold 460 Card regions per heap region 1 cards per card region 2048
 CPUs: 8 total, 8 available
 Memory: 16165M
 Large Page Support: Disabled
 NUMA Support: Disabled
 Compressed Oops: Enabled (32-bit)
 Heap Region Size: 1M
 Heap Min Capacity: 8M
 Heap Initial Capacity: 254M
 Heap Max Capacity: 1536M
 Pre-touch: Disabled
 Parallel Workers: 8
 Concurrent Workers: 2
 Concurrent Refinement Workers: 8
 Periodic GC: Disabled
Heap:
 garbage-first heap   total 378880K, used 225544K [0x00000000a0000000, 0x0000000100000000)
  region size 1024K, 10 young (10240K), 10 survivors (10240K)
 Metaspace       used 163241K, committed 165696K, reserved 1245184K
  class space    used 22105K, committed 23296K, reserved 1048576K
GC Heap History (20 events):
Event: 134.085 GC heap after
{Heap after GC invocations=59 (full 0):
 garbage-first heap   total 337920K, used 221286K [0x00000000a0000000, 0x0000000100000000)
  region size 1024K, 7 young (7168K), 7 survivors (7168K)
 Metaspace       used 159327K, committed 161856K, reserved 1245184K
  class space    used 21675K, committed 22912K, reserved 1048576K
}
Event: 134.933 GC heap before
{Heap before GC invocations=59 (full 0):
 garbage-first heap   total 337920K, used 309350K [0x00000000a0000000, 0x0000000100000000)
  region size 1024K, 94 young (96256K), 7 survivors (7168K)
 Metaspace       used 160885K, committed 163392K, reserved 1245184K
  class space    used 21871K, committed 23104K, reserved 1048576K
}
Event: 134.949 GC heap after
{Heap after GC invocations=60 (full 0):
 garbage-first heap   total 337920K, used 221563K [0x00000000a0000000, 0x0000000100000000)
  region size 1024K, 7 young (7168K), 7 survivors (7168K)
 Metaspace       used 160885K, committed 163392K, reserved 1245184K
  class space    used 21871K, committed 23104K, reserved 1048576K
}
Event: 135.800 GC heap before
{Heap before GC invocations=61 (full 0):
 garbage-first heap   total 370688K, used 314747K [0x00000000a0000000, 0x0000000100000000)
  region size 1024K, 98 young (100352K), 7 survivors (7168K)
 Metaspace       used 161996K, committed 164480K, reserved 1245184K
  class space    used 22034K, committed 23232K, reserved 1048576K
}
Event: 135.815 GC heap after
{Heap after GC invocations=62 (full 0):
 garbage-first heap   total 370688K, used 221993K [0x00000000a0000000, 0x0000000100000000)
  region size 1024K, 8 young (8192K), 8 survivors (8192K)
 Metaspace       used 161996K, committed 164480K, reserved 1245184K
  class space    used 22034K, committed 23232K, reserved 1048576K
}
Event: 137.099 GC heap before
{Heap before GC invocations=62 (full 0):
 garbage-first heap   total 370688K, used 343849K [0x00000000a0000000, 0x0000000100000000)
  region size 1024K, 127 young (130048K), 8 survivors (8192K)
 Metaspace       used 162464K, committed 164992K, reserved 1245184K
  class space    used 22058K, committed 23296K, reserved 1048576K
}
Event: 137.125 GC heap after
{Heap after GC invocations=63 (full 0):
 garbage-first heap   total 370688K, used 220197K [0x00000000a0000000, 0x0000000100000000)
  region size 1024K, 8 young (8192K), 8 survivors (8192K)
 Metaspace       used 162464K, committed 164992K, reserved 1245184K
  class space    used 22058K, committed 23296K, reserved 1048576K
}
Event: 138.078 GC heap before
{Heap before GC invocations=63 (full 0):
 garbage-first heap   total 370688K, used 346149K [0x00000000a0000000, 0x0000000100000000)
  region size 1024K, 132 young (135168K), 8 survivors (8192K)
 Metaspace       used 162702K, committed 165248K, reserved 1245184K
  class space    used 22073K, committed 23296K, reserved 1048576K
}
Event: 138.101 GC heap after
{Heap after GC invocations=64 (full 0):
 garbage-first heap   total 370688K, used 225255K [0x00000000a0000000, 0x0000000100000000)
  region size 1024K, 13 young (13312K), 13 survivors (13312K)
 Metaspace       used 162702K, committed 165248K, reserved 1245184K
  class space    used 22073K, committed 23296K, reserved 1048576K
}
Event: 138.751 GC heap before
{Heap before GC invocations=65 (full 0):
 garbage-first heap   total 377856K, used 348135K [0x00000000a0000000, 0x0000000100000000)
  region size 1024K, 134 young (137216K), 13 survivors (13312K)
 Metaspace       used 162764K, committed 165312K, reserved 1245184K
  class space    used 22075K, committed 23296K, reserved 1048576K
}
Event: 138.769 GC heap after
{Heap after GC invocations=66 (full 0):
 garbage-first heap   total 377856K, used 225791K [0x00000000a0000000, 0x0000000100000000)
  region size 1024K, 9 young (9216K), 9 survivors (9216K)
 Metaspace       used 162764K, committed 165312K, reserved 1245184K
  class space    used 22075K, committed 23296K, reserved 1048576K
}
Event: 139.282 GC heap before
{Heap before GC invocations=66 (full 0):
 garbage-first heap   total 377856K, used 357887K [0x00000000a0000000, 0x0000000100000000)
  region size 1024K, 138 young (141312K), 9 survivors (9216K)
 Metaspace       used 162826K, committed 165376K, reserved 1245184K
  class space    used 22079K, committed 23296K, reserved 1048576K
}
Event: 139.307 GC heap after
{Heap after GC invocations=67 (full 0):
 garbage-first heap   total 377856K, used 224280K [0x00000000a0000000, 0x0000000100000000)
  region size 1024K, 10 young (10240K), 10 survivors (10240K)
 Metaspace       used 162826K, committed 165376K, reserved 1245184K
  class space    used 22079K, committed 23296K, reserved 1048576K
}
Event: 139.712 GC heap before
{Heap before GC invocations=67 (full 0):
 garbage-first heap   total 377856K, used 356376K [0x00000000a0000000, 0x0000000100000000)
  region size 1024K, 140 young (143360K), 10 survivors (10240K)
 Metaspace       used 162895K, committed 165376K, reserved 1245184K
  class space    used 22087K, committed 23296K, reserved 1048576K
}
Event: 139.729 GC heap after
{Heap after GC invocations=68 (full 0):
 garbage-first heap   total 377856K, used 226940K [0x00000000a0000000, 0x0000000100000000)
  region size 1024K, 12 young (12288K), 12 survivors (12288K)
 Metaspace       used 162895K, committed 165376K, reserved 1245184K
  class space    used 22087K, committed 23296K, reserved 1048576K
}
Event: 140.396 GC heap before
{Heap before GC invocations=69 (full 0):
 garbage-first heap   total 378880K, used 356988K [0x00000000a0000000, 0x0000000100000000)
  region size 1024K, 140 young (143360K), 12 survivors (12288K)
 Metaspace       used 163083K, committed 165568K, reserved 1245184K
  class space    used 22104K, committed 23296K, reserved 1048576K
}
Event: 140.415 GC heap after
{Heap after GC invocations=70 (full 0):
 garbage-first heap   total 378880K, used 226982K [0x00000000a0000000, 0x0000000100000000)
  region size 1024K, 9 young (9216K), 9 survivors (9216K)
 Metaspace       used 163083K, committed 165568K, reserved 1245184K
  class space    used 22104K, committed 23296K, reserved 1048576K
}
Event: 141.159 GC heap before
{Heap before GC invocations=70 (full 0):
 garbage-first heap   total 378880K, used 357030K [0x00000000a0000000, 0x0000000100000000)
  region size 1024K, 137 young (140288K), 9 survivors (9216K)
 Metaspace       used 163209K, committed 165696K, reserved 1245184K
  class space    used 22104K, committed 23296K, reserved 1048576K
}
Event: 141.191 GC heap after
{Heap after GC invocations=71 (full 0):
 garbage-first heap   total 378880K, used 226140K [0x00000000a0000000, 0x0000000100000000)
  region size 1024K, 10 young (10240K), 10 survivors (10240K)
 Metaspace       used 163209K, committed 165696K, reserved 1245184K
  class space    used 22104K, committed 23296K, reserved 1048576K
}
Event: 141.767 GC heap before
{Heap before GC invocations=71 (full 0):
 garbage-first heap   total 378880K, used 358236K [0x00000000a0000000, 0x0000000100000000)
  region size 1024K, 140 young (143360K), 10 survivors (10240K)
 Metaspace       used 163241K, committed 165696K, reserved 1245184K
  class space    used 22105K, committed 23296K, reserved 1048576K
}

