# JRE version: Java(TM) SE Runtime Environment (17.0.12+8) (build 17.0.12+8-LTS-286)
# Java VM: Java HotSpot(TM) 64-Bit Server VM (17.0.12+8-LTS-286, mixed mode, sharing, tiered, compressed oops, compressed class ptrs, g1 gc, windows-amd64)
GC Precious Log:
 CPUs: 8 total, 8 available
 Memory: 16165M
 Large Page Support: Disabled
 NUMA Support: Disabled
 Compressed Oops: Enabled (32-bit)
 Heap Region Size: 1M
 Heap Min Capacity: 8M
 Heap Initial Capacity: 254M
 Heap Max Capacity: 1536M
 Pre-touch: Disabled
 Parallel Workers: 8
 Concurrent Workers: 2
 Concurrent Refinement Workers: 8
 Periodic GC: Disabled
Heap:
 garbage-first heap   total 280576K, used 248370K [0x00000000a0000000, 0x0000000100000000)
  region size 1024K, 10 young (10240K), 2 survivors (2048K)
 Metaspace       used 132112K, committed 133760K, reserved 1179648K
  class space    used 18127K, committed 18752K, reserved 1048576K
GC Heap History (20 events):
Event: 46.341 GC heap before
{Heap before GC invocations=54 (full 0):
 garbage-first heap   total 280576K, used 228741K [0x00000000a0000000, 0x0000000100000000)
  region size 1024K, 44 young (45056K), 2 survivors (2048K)
 Metaspace       used 118203K, committed 119296K, reserved 1179648K
  class space    used 15846K, committed 16320K, reserved 1048576K
}
Event: 46.352 GC heap after
{Heap after GC invocations=55 (full 0):
 garbage-first heap   total 280576K, used 191121K [0x00000000a0000000, 0x0000000100000000)
  region size 1024K, 6 young (6144K), 6 survivors (6144K)
 Metaspace       used 118203K, committed 119296K, reserved 1179648K
  class space    used 15846K, committed 16320K, reserved 1048576K
}
Event: 46.941 GC heap before
{Heap before GC invocations=55 (full 0):
 garbage-first heap   total 280576K, used 231057K [0x00000000a0000000, 0x0000000100000000)
  region size 1024K, 46 young (47104K), 6 survivors (6144K)
 Metaspace       used 123080K, committed 124160K, reserved 1179648K
  class space    used 16727K, committed 17216K, reserved 1048576K
}
Event: 46.955 GC heap after
{Heap after GC invocations=56 (full 0):
 garbage-first heap   total 280576K, used 193653K [0x00000000a0000000, 0x0000000100000000)
  region size 1024K, 3 young (3072K), 3 survivors (3072K)
 Metaspace       used 123080K, committed 124160K, reserved 1179648K
  class space    used 16727K, committed 17216K, reserved 1048576K
}
Event: 47.560 GC heap before
{Heap before GC invocations=56 (full 0):
 garbage-first heap   total 280576K, used 233589K [0x00000000a0000000, 0x0000000100000000)
  region size 1024K, 43 young (44032K), 3 survivors (3072K)
 Metaspace       used 126137K, committed 127360K, reserved 1179648K
  class space    used 17231K, committed 17792K, reserved 1048576K
}
Event: 47.575 GC heap after
{Heap after GC invocations=57 (full 0):
 garbage-first heap   total 280576K, used 198947K [0x00000000a0000000, 0x0000000100000000)
  region size 1024K, 6 young (6144K), 6 survivors (6144K)
 Metaspace       used 126137K, committed 127360K, reserved 1179648K
  class space    used 17231K, committed 17792K, reserved 1048576K
}
Event: 48.164 GC heap before
{Heap before GC invocations=57 (full 0):
 garbage-first heap   total 280576K, used 253219K [0x00000000a0000000, 0x0000000100000000)
  region size 1024K, 42 young (43008K), 6 survivors (6144K)
 Metaspace       used 128054K, committed 129280K, reserved 1179648K
  class space    used 17468K, committed 18048K, reserved 1048576K
}
Event: 48.180 GC heap after
{Heap after GC invocations=58 (full 0):
 garbage-first heap   total 280576K, used 209122K [0x00000000a0000000, 0x0000000100000000)
  region size 1024K, 3 young (3072K), 3 survivors (3072K)
 Metaspace       used 128054K, committed 129280K, reserved 1179648K
  class space    used 17468K, committed 18048K, reserved 1048576K
}
Event: 48.878 GC heap before
{Heap before GC invocations=58 (full 0):
 garbage-first heap   total 280576K, used 238818K [0x00000000a0000000, 0x0000000100000000)
  region size 1024K, 33 young (33792K), 3 survivors (3072K)
 Metaspace       used 129922K, committed 131136K, reserved 1179648K
  class space    used 17782K, committed 18368K, reserved 1048576K
}
Event: 48.889 GC heap after
{Heap after GC invocations=59 (full 0):
 garbage-first heap   total 280576K, used 210467K [0x00000000a0000000, 0x0000000100000000)
  region size 1024K, 2 young (2048K), 2 survivors (2048K)
 Metaspace       used 129922K, committed 131136K, reserved 1179648K
  class space    used 17782K, committed 18368K, reserved 1048576K
}
Event: 49.581 GC heap before
{Heap before GC invocations=59 (full 0):
 garbage-first heap   total 280576K, used 240163K [0x00000000a0000000, 0x0000000100000000)
  region size 1024K, 32 young (32768K), 2 survivors (2048K)
 Metaspace       used 130534K, committed 131712K, reserved 1179648K
  class space    used 17822K, committed 18368K, reserved 1048576K
}
Event: 49.590 GC heap after
{Heap after GC invocations=60 (full 0):
 garbage-first heap   total 280576K, used 211327K [0x00000000a0000000, 0x0000000100000000)
  region size 1024K, 3 young (3072K), 3 survivors (3072K)
 Metaspace       used 130534K, committed 131712K, reserved 1179648K
  class space    used 17822K, committed 18368K, reserved 1048576K
}
Event: 50.053 GC heap before
{Heap before GC invocations=60 (full 0):
 garbage-first heap   total 280576K, used 251263K [0x00000000a0000000, 0x0000000100000000)
  region size 1024K, 33 young (33792K), 3 survivors (3072K)
 Metaspace       used 131885K, committed 133120K, reserved 1179648K
  class space    used 18025K, committed 18624K, reserved 1048576K
}
Event: 50.061 GC heap after
{Heap after GC invocations=61 (full 0):
 garbage-first heap   total 280576K, used 225218K [0x00000000a0000000, 0x0000000100000000)
  region size 1024K, 5 young (5120K), 5 survivors (5120K)
 Metaspace       used 131885K, committed 133120K, reserved 1179648K
  class space    used 18025K, committed 18624K, reserved 1048576K
}
Event: 50.111 GC heap before
{Heap before GC invocations=61 (full 0):
 garbage-first heap   total 280576K, used 247746K [0x00000000a0000000, 0x0000000100000000)
  region size 1024K, 16 young (16384K), 5 survivors (5120K)
 Metaspace       used 132154K, committed 133312K, reserved 1179648K
  class space    used 18069K, committed 18624K, reserved 1048576K
}
Event: 50.120 GC heap after
{Heap after GC invocations=62 (full 0):
 garbage-first heap   total 280576K, used 234864K [0x00000000a0000000, 0x0000000100000000)
  region size 1024K, 3 young (3072K), 3 survivors (3072K)
 Metaspace       used 132154K, committed 133312K, reserved 1179648K
  class space    used 18069K, committed 18624K, reserved 1048576K
}
Event: 50.126 GC heap before
{Heap before GC invocations=62 (full 0):
 garbage-first heap   total 280576K, used 238960K [0x00000000a0000000, 0x0000000100000000)
  region size 1024K, 4 young (4096K), 3 survivors (3072K)
 Metaspace       used 132165K, committed 133312K, reserved 1179648K
  class space    used 18072K, committed 18624K, reserved 1048576K
}
Event: 50.131 GC heap after
{Heap after GC invocations=63 (full 0):
 garbage-first heap   total 280576K, used 236100K [0x00000000a0000000, 0x0000000100000000)
  region size 1024K, 1 young (1024K), 1 survivors (1024K)
 Metaspace       used 132165K, committed 133312K, reserved 1179648K
  class space    used 18072K, committed 18624K, reserved 1048576K
}
Event: 50.385 GC heap before
{Heap before GC invocations=63 (full 0):
 garbage-first heap   total 280576K, used 256580K [0x00000000a0000000, 0x0000000100000000)
  region size 1024K, 13 young (13312K), 1 survivors (1024K)
 Metaspace       used 132623K, committed 133888K, reserved 1179648K
  class space    used 18168K, committed 18752K, reserved 1048576K
}
Event: 50.397 GC heap after
{Heap after GC invocations=64 (full 0):
 garbage-first heap   total 280576K, used 242226K [0x00000000a0000000, 0x0000000100000000)
  region size 1024K, 2 young (2048K), 2 survivors (2048K)
 Metaspace       used 132623K, committed 133888K, reserved 1179648K
  class space    used 18168K, committed 18752K, reserved 1048576K
}

